<?xml version="1.0" encoding="UTF-8"?>
<robot generator="Robot 6.0.2 (Python 3.10.4 on win32)" generated="20230223 09:52:17.096" rpa="false" schemaversion="3">
<suite id="s1" name="Create Contact" source="C:\Users\pmurkya\Projects\NEW_PROJECT_BY_MANINDER\CumulusCI\cumulusci\robotframework\tests\salesforce\create_contact.robot">
<kw name="Open Test Browser" library="Salesforce" type="SETUP">
<doc>Opens a test browser to the org.</doc>
<kw name="Run Keyword If" library="BuiltIn">
<var>${login_url}</var>
<arg>$useralias</arg>
<arg>Login URL</arg>
<arg>alias=${useralias}</arg>
<arg>ELSE</arg>
<arg>Login URL</arg>
<doc>Runs the given keyword with the given arguments, if ``condition`` is true.</doc>
<kw name="Login Url" library="cumulusci.robotframework.CumulusCI">
<doc>Returns the login url which will automatically log into the target
Salesforce org.  By default, the org_name passed to the library
constructor is used but this can be overridden with the org option
to log into a different org.</doc>
<msg timestamp="20230223 09:52:19.278" level="FAIL">FileNotFoundError: [Errno 2] No such file or directory: 'orgs/dev.json'</msg>
<status status="FAIL" starttime="20230223 09:52:19.278" endtime="20230223 09:52:19.287"/>
</kw>
<status status="FAIL" starttime="20230223 09:52:19.269" endtime="20230223 09:52:19.287"/>
</kw>
<kw name="Run Keyword If" library="BuiltIn">
<arg>'${BROWSER}' == 'chrome'</arg>
<arg>Open Test Browser Chrome</arg>
<arg>${login_url}</arg>
<arg>alias=${alias}</arg>
<arg>ELSE IF</arg>
<arg>'${BROWSER}' == 'firefox'</arg>
<arg>Open Test Browser Firefox</arg>
<arg>${login_url}</arg>
<arg>alias=${alias}</arg>
<arg>ELSE IF</arg>
<arg>'${BROWSER}' == 'headlesschrome'</arg>
<arg>Open Test Browser Chrome</arg>
<arg>${login_url}</arg>
<arg>alias=${alias}</arg>
<arg>ELSE IF</arg>
<arg>'${BROWSER}' == 'headlessfirefox'</arg>
<arg>Open Test Browser Headless Firefox</arg>
<arg>${login_url}</arg>
<arg>alias=${alias}</arg>
<arg>ELSE</arg>
<arg>Open Browser</arg>
<arg>${login_url}</arg>
<arg>${BROWSER}</arg>
<arg>alias=${alias}</arg>
<doc>Runs the given keyword with the given arguments, if ``condition`` is true.</doc>
<status status="NOT RUN" starttime="20230223 09:52:19.288" endtime="20230223 09:52:19.288"/>
</kw>
<kw name="Convert To Boolean" library="BuiltIn">
<var>${should_wait}</var>
<arg>${wait}</arg>
<doc>Converts the given item to Boolean true or false.</doc>
<status status="NOT RUN" starttime="20230223 09:52:19.288" endtime="20230223 09:52:19.288"/>
</kw>
<kw name="Run Keyword If" library="BuiltIn">
<arg>$should_wait</arg>
<arg>Wait Until Salesforce Is Ready</arg>
<arg>timeout=180</arg>
<doc>Runs the given keyword with the given arguments, if ``condition`` is true.</doc>
<status status="NOT RUN" starttime="20230223 09:52:19.288" endtime="20230223 09:52:19.288"/>
</kw>
<kw name="Set Selenium Timeout" library="SeleniumLibrary">
<arg>${TIMEOUT}</arg>
<doc>Sets the timeout that is used by various keywords.</doc>
<status status="NOT RUN" starttime="20230223 09:52:19.288" endtime="20230223 09:52:19.288"/>
</kw>
<kw name="Initialize Location Strategies">
<status status="NOT RUN" starttime="20230223 09:52:19.288" endtime="20230223 09:52:19.296"/>
</kw>
<kw name="Split String" library="String">
<var>${width}</var>
<var>${height}</var>
<arg>${size}</arg>
<arg>separator=x</arg>
<arg>max_split=1</arg>
<doc>Splits the ``string`` using ``separator`` as a delimiter string.</doc>
<status status="NOT RUN" starttime="20230223 09:52:19.296" endtime="20230223 09:52:19.296"/>
</kw>
<kw name="Set Window Size" library="SeleniumLibrary">
<arg>${width}</arg>
<arg>${height}</arg>
<doc>Sets current windows size to given ``width`` and ``height``.</doc>
<status status="NOT RUN" starttime="20230223 09:52:19.296" endtime="20230223 09:52:19.296"/>
</kw>
<kw name="Set Selenium Speed" library="SeleniumLibrary">
<arg>${SELENIUM_SPEED}</arg>
<doc>Sets the delay that is waited after each Selenium command.</doc>
<status status="NOT RUN" starttime="20230223 09:52:19.296" endtime="20230223 09:52:19.296"/>
</kw>
<kw name="Log browser capabilities">
<status status="NOT RUN" starttime="20230223 09:52:19.304" endtime="20230223 09:52:19.304"/>
</kw>
<status status="FAIL" starttime="20230223 09:52:19.269" endtime="20230223 09:52:19.304"/>
</kw>
<test id="s1-t1" name="Via API" line="12">
<status status="FAIL" starttime="20230223 09:52:19.304" endtime="20230223 09:52:19.304">Parent suite setup failed:
FileNotFoundError: [Errno 2] No such file or directory: 'orgs/dev.json'</status>
</test>
<test id="s1-t2" name="Via UI" line="23">
<status status="FAIL" starttime="20230223 09:52:19.310" endtime="20230223 09:52:19.310">Parent suite setup failed:
FileNotFoundError: [Errno 2] No such file or directory: 'orgs/dev.json'</status>
</test>
<kw name="Delete Records and Close Browser" library="Salesforce" type="TEARDOWN">
<doc>This will close all open browser windows and then delete
all records that were created with the Salesforce API during
this testing session.</doc>
<kw name="Close All Browsers" library="SeleniumLibrary">
<doc>Closes all open browsers and resets the browser cache.</doc>
<status status="PASS" starttime="20230223 09:52:19.318" endtime="20230223 09:52:19.318"/>
</kw>
<kw name="Delete Session Records" library="cumulusci.robotframework.SalesforceAPI">
<doc>Deletes records that were created while running this test case.</doc>
<msg timestamp="20230223 09:52:19.319" level="INFO">Deleting 0 records</msg>
<status status="PASS" starttime="20230223 09:52:19.319" endtime="20230223 09:52:19.319"/>
</kw>
<status status="PASS" starttime="20230223 09:52:19.310" endtime="20230223 09:52:19.319"/>
</kw>
<status status="FAIL" starttime="20230223 09:52:17.098" endtime="20230223 09:52:19.319">Suite setup failed:
FileNotFoundError: [Errno 2] No such file or directory: 'orgs/dev.json'</status>
</suite>
<statistics>
<total>
<stat pass="0" fail="2" skip="0">All Tests</stat>
</total>
<tag>
</tag>
<suite>
<stat pass="0" fail="2" skip="0" id="s1" name="Create Contact">Create Contact</stat>
</suite>
</statistics>
<errors>
<msg timestamp="20230223 09:52:19.251" level="ERROR">Error in file 'C:\Users\pmurkya\Projects\NEW_PROJECT_BY_MANINDER\CumulusCI\cumulusci\robotframework\Salesforce.robot' on line 26: Initializing library 'cumulusci.robotframework.Salesforce' with arguments [ debug=False ] failed: FileNotFoundError: [Errno 2] No such file or directory: 'orgs/dev.json'
Traceback (most recent call last):
  File "C:\Users\pmurkya\Projects\NEW_PROJECT_BY_MANINDER\CumulusCI\cumulusci\robotframework\Salesforce.py", line 58, in __init__
    self._init_locators()
  File "C:\Users\pmurkya\Projects\NEW_PROJECT_BY_MANINDER\CumulusCI\cumulusci\robotframework\Salesforce.py", line 67, in _init_locators
    version = int(float(self.salesforce_api.get_latest_api_version()))
  File "C:\Users\pmurkya\Projects\NEW_PROJECT_BY_MANINDER\CumulusCI\cumulusci\robotframework\SalesforceAPI.py", line 41, in get_latest_api_version
    return self.cumulusci.org.latest_api_version
  File "C:\Users\pmurkya\Projects\NEW_PROJECT_BY_MANINDER\CumulusCI\cumulusci\core\config\org_config.py", line 178, in latest_api_version
    headers = {"Authorization": "Bearer " + self.access_token}
  File "C:\Users\pmurkya\Projects\NEW_PROJECT_BY_MANINDER\CumulusCI\cumulusci\core\config\sfdx_org_config.py", line 80, in access_token
    return self.sfdx_info["access_token"]
  File "C:\Users\pmurkya\Projects\NEW_PROJECT_BY_MANINDER\CumulusCI\cumulusci\core\config\sfdx_org_config.py", line 23, in sfdx_info
    self.create_org()
  File "C:\Users\pmurkya\Projects\NEW_PROJECT_BY_MANINDER\CumulusCI\cumulusci\core\config\scratch_org_config.py", line 70, in create_org
    args = self._build_org_create_args()
  File "C:\Users\pmurkya\Projects\NEW_PROJECT_BY_MANINDER\CumulusCI\cumulusci\core\config\scratch_org_config.py", line 135, in _build_org_create_args
    with open(self.config_file, "r") as org_def:
FileNotFoundError: [Errno 2] No such file or directory: 'orgs/dev.json'</msg>
</errors>
</robot>
